have_library: checking for BZ2_bzWriteOpen() in -lbz2... -------------------- yes

"gcc -o conftest -I/usr/local/include/ruby1.9-1.9.1/i386-darwin10.0.0 -I/usr/local/include/ruby1.9-1.9.1/ruby/backward -I/usr/local/include/ruby1.9-1.9.1 -I/Users/michaeledgar/mygems/amp/ext/amp/bz2  -D_XOPEN_SOURCE -D_DARWIN_C_SOURCE   -DRUBY_19  -O2 -g -Wall -Wno-parentheses -pipe -fno-common conftest.c  -L. -L/usr/local/lib -L. -L/usr/local/lib     -lruby1.9-static  -lpthread -ldl -lobjc  "
checked program was:
/* begin */
1: #include "ruby.h"
2: 
3: int main() {return 0;}
/* end */

"gcc -o conftest -I/usr/local/include/ruby1.9-1.9.1/i386-darwin10.0.0 -I/usr/local/include/ruby1.9-1.9.1/ruby/backward -I/usr/local/include/ruby1.9-1.9.1 -I/Users/michaeledgar/mygems/amp/ext/amp/bz2  -D_XOPEN_SOURCE -D_DARWIN_C_SOURCE   -DRUBY_19  -O2 -g -Wall -Wno-parentheses -pipe -fno-common conftest.c  -L. -L/usr/local/lib -L. -L/usr/local/lib     -lruby1.9-static -lbz2  -lpthread -ldl -lobjc  "
conftest.c: In function ‘t’:
conftest.c:5: error: ‘BZ2_bzWriteOpen’ undeclared (first use in this function)
conftest.c:5: error: (Each undeclared identifier is reported only once
conftest.c:5: error: for each function it appears in.)
checked program was:
/* begin */
1: #include "ruby.h"
2: 
3: /*top*/
4: int main() {return 0;}
5: int t() { void ((*volatile p)()); p = (void ((*)()))BZ2_bzWriteOpen; return 0; }
/* end */

"gcc -o conftest -I/usr/local/include/ruby1.9-1.9.1/i386-darwin10.0.0 -I/usr/local/include/ruby1.9-1.9.1/ruby/backward -I/usr/local/include/ruby1.9-1.9.1 -I/Users/michaeledgar/mygems/amp/ext/amp/bz2  -D_XOPEN_SOURCE -D_DARWIN_C_SOURCE   -DRUBY_19  -O2 -g -Wall -Wno-parentheses -pipe -fno-common conftest.c  -L. -L/usr/local/lib -L. -L/usr/local/lib     -lruby1.9-static -lbz2  -lpthread -ldl -lobjc  "
conftest.c: In function ‘t’:
conftest.c:5: warning: implicit declaration of function ‘BZ2_bzWriteOpen’
checked program was:
/* begin */
1: #include "ruby.h"
2: 
3: /*top*/
4: int main() {return 0;}
5: int t() { BZ2_bzWriteOpen(); return 0; }
/* end */

--------------------

